[06 Oct, 2024 - 00:49:01:491] [33mwarn[39m: [33mKeys Found. Reading keys[39m
[06 Oct, 2024 - 00:49:01:491] [33mwarn[39m: [33mHash Found. Reading Hash[39m
[06 Oct, 2024 - 00:49:02:492] [34minfo[39m: [34mMongoDB Connected: {"host":"localhost"}[39m
[06 Oct, 2024 - 00:49:25:4925] [33mwarn[39m: [33mPublis key set in the `request` object[39m
[06 Oct, 2024 - 00:49:25:4925] [35mhttp[39m: [35m::1 POST /api/admin/login 200 - 85.342 ms[39m
[06 Oct, 2024 - 00:49:32:4932] [33mwarn[39m: [33mPublis key set in the `request` object[39m
[06 Oct, 2024 - 00:49:32:4932] [35mhttp[39m: [35m::1 GET /api/lor-requests 304 - 13.255 ms[39m
[06 Oct, 2024 - 00:49:32:4932] [33mwarn[39m: [33mPublis key set in the `request` object[39m
[06 Oct, 2024 - 00:49:32:4932] [35mhttp[39m: [35m::1 GET /api/lop-requests 304 - 15.855 ms[39m
[06 Oct, 2024 - 00:49:32:4932] [33mwarn[39m: [33mPublis key set in the `request` object[39m
[06 Oct, 2024 - 00:49:32:4932] [35mhttp[39m: [35m::1 GET /api/offer-letter-requests 304 - 13.155 ms[39m
[06 Oct, 2024 - 00:49:32:4932] [33mwarn[39m: [33mPublis key set in the `request` object[39m
[06 Oct, 2024 - 00:49:32:4932] [35mhttp[39m: [35m::1 GET /api/loc-requests 304 - 12.198 ms[39m
[06 Oct, 2024 - 00:53:21:5321] [33mwarn[39m: [33mPublis key set in the `request` object[39m
[06 Oct, 2024 - 00:53:21:5321] [35mhttp[39m: [35m::1 GET /api/lor-requests 304 - 8.924 ms[39m
[06 Oct, 2024 - 00:53:21:5321] [33mwarn[39m: [33mPublis key set in the `request` object[39m
[06 Oct, 2024 - 00:53:21:5321] [35mhttp[39m: [35m::1 GET /api/lop-requests 304 - 10.803 ms[39m
[06 Oct, 2024 - 00:53:21:5321] [33mwarn[39m: [33mPublis key set in the `request` object[39m
[06 Oct, 2024 - 00:53:21:5321] [35mhttp[39m: [35m::1 GET /api/offer-letter-requests 304 - 5.730 ms[39m
[06 Oct, 2024 - 00:53:21:5321] [33mwarn[39m: [33mPublis key set in the `request` object[39m
[06 Oct, 2024 - 00:53:21:5321] [35mhttp[39m: [35m::1 GET /api/loc-requests 304 - 7.161 ms[39m
[06 Oct, 2024 - 00:53:31:5331] [33mwarn[39m: [33mPublis key set in the `request` object[39m
[06 Oct, 2024 - 00:53:31:5331] [35mhttp[39m: [35m::1 GET /api/requests 200 - 10.881 ms[39m
[06 Oct, 2024 - 00:53:42:5342] [33mwarn[39m: [33mPublis key set in the `request` object[39m
[06 Oct, 2024 - 00:53:42:5342] [35mhttp[39m: [35m::1 GET /api/lor-requests 304 - 8.736 ms[39m
[06 Oct, 2024 - 00:53:42:5342] [33mwarn[39m: [33mPublis key set in the `request` object[39m
[06 Oct, 2024 - 00:53:42:5342] [35mhttp[39m: [35m::1 GET /api/lop-requests 304 - 8.181 ms[39m
[06 Oct, 2024 - 00:53:42:5342] [33mwarn[39m: [33mPublis key set in the `request` object[39m
[06 Oct, 2024 - 00:53:42:5342] [35mhttp[39m: [35m::1 GET /api/offer-letter-requests 304 - 8.405 ms[39m
[06 Oct, 2024 - 00:53:42:5342] [33mwarn[39m: [33mPublis key set in the `request` object[39m
[06 Oct, 2024 - 00:53:42:5342] [35mhttp[39m: [35m::1 GET /api/loc-requests 304 - 8.083 ms[39m
[06 Oct, 2024 - 00:54:47:5447] [33mwarn[39m: [33mPublis key set in the `request` object[39m
[06 Oct, 2024 - 00:54:47:5447] [35mhttp[39m: [35m::1 GET /api/requests 304 - 12.036 ms[39m
[06 Oct, 2024 - 00:55:02:552] [33mwarn[39m: [33mPublis key set in the `request` object[39m
[06 Oct, 2024 - 00:55:02:552] [35mhttp[39m: [35m::1 GET /api/lor-requests 304 - 9.587 ms[39m
[06 Oct, 2024 - 00:55:02:552] [33mwarn[39m: [33mPublis key set in the `request` object[39m
[06 Oct, 2024 - 00:55:02:552] [35mhttp[39m: [35m::1 GET /api/lop-requests 304 - 9.849 ms[39m
[06 Oct, 2024 - 00:55:02:552] [33mwarn[39m: [33mPublis key set in the `request` object[39m
[06 Oct, 2024 - 00:55:02:552] [35mhttp[39m: [35m::1 GET /api/offer-letter-requests 304 - 14.697 ms[39m
[06 Oct, 2024 - 00:55:02:552] [33mwarn[39m: [33mPublis key set in the `request` object[39m
[06 Oct, 2024 - 00:55:02:552] [35mhttp[39m: [35m::1 GET /api/loc-requests 304 - 7.529 ms[39m
[06 Oct, 2024 - 00:55:49:5549] [33mwarn[39m: [33mPublis key set in the `request` object[39m
[06 Oct, 2024 - 00:55:49:5549] [35mhttp[39m: [35m::1 GET /api/requests 304 - 15.006 ms[39m
[06 Oct, 2024 - 00:57:49:5749] [33mwarn[39m: [33mPublis key set in the `request` object[39m
[06 Oct, 2024 - 00:57:49:5749] [35mhttp[39m: [35m::1 GET /api/lor-requests 304 - 7.781 ms[39m
[06 Oct, 2024 - 00:57:49:5749] [33mwarn[39m: [33mPublis key set in the `request` object[39m
[06 Oct, 2024 - 00:57:49:5749] [35mhttp[39m: [35m::1 GET /api/lop-requests 304 - 6.387 ms[39m
[06 Oct, 2024 - 00:57:49:5749] [33mwarn[39m: [33mPublis key set in the `request` object[39m
[06 Oct, 2024 - 00:57:49:5749] [35mhttp[39m: [35m::1 GET /api/offer-letter-requests 304 - 8.330 ms[39m
[06 Oct, 2024 - 00:57:49:5749] [33mwarn[39m: [33mPublis key set in the `request` object[39m
[06 Oct, 2024 - 00:57:49:5749] [35mhttp[39m: [35m::1 GET /api/loc-requests 304 - 5.781 ms[39m
[06 Oct, 2024 - 00:57:54:5754] [33mwarn[39m: [33mPublis key set in the `request` object[39m
[06 Oct, 2024 - 00:57:54:5754] [35mhttp[39m: [35m::1 GET /api/requests 304 - 8.897 ms[39m
[06 Oct, 2024 - 01:04:46:446] [33mwarn[39m: [33mPublis key set in the `request` object[39m
[06 Oct, 2024 - 01:04:46:446] [35mhttp[39m: [35m::1 POST /api/admin/login 200 - 26.481 ms[39m
[06 Oct, 2024 - 01:05:01:51] [33mwarn[39m: [33mPublis key set in the `request` object[39m
[06 Oct, 2024 - 01:05:01:51] [35mhttp[39m: [35m::1 GET /api/lor-requests 304 - 8.171 ms[39m
[06 Oct, 2024 - 01:05:01:51] [33mwarn[39m: [33mPublis key set in the `request` object[39m
[06 Oct, 2024 - 01:05:01:51] [35mhttp[39m: [35m::1 GET /api/lop-requests 304 - 9.373 ms[39m
[06 Oct, 2024 - 01:05:01:51] [33mwarn[39m: [33mPublis key set in the `request` object[39m
[06 Oct, 2024 - 01:05:01:51] [35mhttp[39m: [35m::1 GET /api/offer-letter-requests 304 - 12.961 ms[39m
[06 Oct, 2024 - 01:05:01:51] [33mwarn[39m: [33mPublis key set in the `request` object[39m
[06 Oct, 2024 - 01:05:01:51] [35mhttp[39m: [35m::1 GET /api/loc-requests 304 - 6.776 ms[39m
[06 Oct, 2024 - 01:05:10:510] [33mwarn[39m: [33mPublis key set in the `request` object[39m
[06 Oct, 2024 - 01:05:10:510] [35mhttp[39m: [35m::1 GET /api/requests 304 - 11.177 ms[39m
[06 Oct, 2024 - 01:05:39:539] [33mwarn[39m: [33mPublis key set in the `request` object[39m
[06 Oct, 2024 - 01:05:39:539] [35mhttp[39m: [35m::1 GET /api/requests 304 - 10.207 ms[39m
[06 Oct, 2024 - 01:05:44:544] [33mwarn[39m: [33mPublis key set in the `request` object[39m
[06 Oct, 2024 - 01:05:44:544] [35mhttp[39m: [35m::1 GET /api/lor-requests 304 - 7.183 ms[39m
[06 Oct, 2024 - 01:05:44:544] [33mwarn[39m: [33mPublis key set in the `request` object[39m
[06 Oct, 2024 - 01:05:44:544] [35mhttp[39m: [35m::1 GET /api/lop-requests 304 - 5.578 ms[39m
[06 Oct, 2024 - 01:05:44:544] [33mwarn[39m: [33mPublis key set in the `request` object[39m
[06 Oct, 2024 - 01:05:44:544] [35mhttp[39m: [35m::1 GET /api/offer-letter-requests 304 - 9.519 ms[39m
[06 Oct, 2024 - 01:05:44:544] [33mwarn[39m: [33mPublis key set in the `request` object[39m
[06 Oct, 2024 - 01:05:44:544] [35mhttp[39m: [35m::1 GET /api/loc-requests 304 - 5.186 ms[39m
[24 Oct, 2024 - 17:13:17:1317] [33mwarn[39m: [33mKeys Found. Reading keys[39m
[24 Oct, 2024 - 17:13:17:1317] [33mwarn[39m: [33mHash Found. Reading Hash[39m
[24 Oct, 2024 - 17:13:18:1318] [34minfo[39m: [34mMongoDB Connected: {"host":"localhost"}[39m
[25 Oct, 2024 - 06:45:36:4536] [33mwarn[39m: [33mKeys Found. Reading keys[39m
[25 Oct, 2024 - 06:45:36:4536] [33mwarn[39m: [33mHash Found. Reading Hash[39m
[25 Oct, 2024 - 06:45:36:4536] [34minfo[39m: [34mMongoDB Connected: {"host":"localhost"}[39m
[25 Oct, 2024 - 06:46:37:4637] [33mwarn[39m: [33mKeys Found. Reading keys[39m
[25 Oct, 2024 - 06:46:37:4637] [33mwarn[39m: [33mHash Found. Reading Hash[39m
[25 Oct, 2024 - 06:46:37:4637] [34minfo[39m: [34mMongoDB Connected: {"host":"localhost"}[39m
[03 Nov, 2024 - 00:41:49:4149] [33mwarn[39m: [33mKeys Found. Reading keys[39m
[03 Nov, 2024 - 00:41:49:4149] [33mwarn[39m: [33mHash Found. Reading Hash[39m
[03 Nov, 2024 - 00:41:50:4150] [34minfo[39m: [34mMongoDB Connected: {"host":"localhost"}[39m
